<?xml version="1.0" encoding="UTF-8"?>
<!-- Generated by org.testng.reporters.JUnitXMLReporter -->
<testsuite ignored="0" hostname="Sarvesh" failures="0" tests="3" name="Free CRM App Test Cases" time="21.911" errors="0" timestamp="01 Mar 2024 09:35:45 GMT">
  <testcase classname="com.crm.qa.testcases.LoginPageTest" name="loginPageTitleTest" time="0.019"/>
  <testcase classname="com.crm.qa.testcases.LoginPageTest" name="crmLogoImageTest" time="0.079"/>
  <testcase classname="com.crm.qa.testcases.LoginPageTest" name="loginTest" time="4.762"/>
</testsuite> <!-- Free CRM App Test Cases -->
