<?xml version="1.0" encoding="UTF-8"?>
<testng-results ignored="0" total="1" passed="1" failed="0" skipped="0">
  <reporter-output>
  </reporter-output>
  <suite started-at="2024-03-02T15:13:04Z" name="Default suite" finished-at="2024-03-02T15:13:08Z" duration-ms="4732">
    <groups>
    </groups>
    <test started-at="2024-03-02T15:13:04Z" name="Default test" finished-at="2024-03-02T15:13:08Z" duration-ms="4732">
      <class name="com.crm.qa.testcases.FinishTest">
        <test-method is-config="true" signature="setUp()[pri:0, instance:com.crm.qa.testcases.FinishTest@64bce832]" started-at="2024-03-02T20:43:04Z" name="setUp" finished-at="2024-03-02T20:43:05Z" duration-ms="1709" status="PASS">
          <reporter-output>
          </reporter-output>
        </test-method> <!-- setUp -->
        <test-method signature="FinishPage()[pri:0, instance:com.crm.qa.testcases.FinishTest@64bce832]" started-at="2024-03-02T20:43:05Z" name="FinishPage" finished-at="2024-03-02T20:43:08Z" duration-ms="3004" status="PASS">
          <reporter-output>
          </reporter-output>
        </test-method> <!-- FinishPage -->
      </class> <!-- com.crm.qa.testcases.FinishTest -->
    </test> <!-- Default test -->
  </suite> <!-- Default suite -->
</testng-results>
